<?xml version="1.0" encoding="UTF-8"?>
<!-- Generated by org.testng.reporters.JUnitReportReporter -->
<testsuite hostname="LAPTOP-GCEPLDKO" failures="0" tests="2" name="californiaUS.TestRunneerrDK.CaliforniaTestRunneerrDK" time="23.254" errors="0" timestamp="2021-11-16T15:40:09 PST" skipped="0">
  <testcase classname="californiaUS.TestRunneerrDK.CaliforniaTestRunneerrDK" name="feature" time="8.862"/>
  <system-out/>
  <testcase classname="californiaUS.TestRunneerrDK.CaliforniaTestRunneerrDK" name="feature" time="14.392"/>
  <system-out/>
</testsuite> <!-- californiaUS.TestRunneerrDK.CaliforniaTestRunneerrDK -->
